This file contains any messages produced by compilers while
running configure, to aid debugging if configure makes a mistake.

It was created by HTK configure 3.4.1, which was
generated by GNU Autoconf 2.61.  Invocation command line was

  $ ./configure --prefix=/home/khodor --disable-hslab

## --------- ##
## Platform. ##
## --------- ##

hostname = khodor-Latitude-E7270
uname -m = x86_64
uname -r = 5.15.0-48-generic
uname -s = Linux
uname -v = #54~20.04.1-Ubuntu SMP Thu Sep 1 16:17:26 UTC 2022

/usr/bin/uname -p = x86_64
/bin/uname -X     = unknown

/bin/arch              = x86_64
/usr/bin/arch -k       = unknown
/usr/convex/getsysinfo = unknown
/usr/bin/hostinfo      = unknown
/bin/machine           = unknown
/usr/bin/oslevel       = unknown
/bin/universe          = unknown

PATH: /home/khodor/anaconda3/bin
PATH: /home/khodor/anaconda3/condabin
PATH: /home/khodor/.local/bin
PATH: /usr/local/sbin
PATH: /usr/local/bin
PATH: /usr/sbin
PATH: /usr/bin
PATH: /sbin
PATH: /bin
PATH: /usr/games
PATH: /usr/local/games
PATH: /snap/bin


## ----------- ##
## Core tests. ##
## ----------- ##

configure:1734: checking whether make sets $(MAKE)
configure:1755: result: yes
configure:1768: checking for gawk
configure:1798: result: no
configure:1768: checking for mawk
configure:1784: found /usr/bin/mawk
configure:1795: result: mawk
configure:1854: checking for gcc
configure:1870: found /usr/bin/gcc
configure:1881: result: gcc
configure:2119: checking for C compiler version
configure:2126: gcc --version >&5
gcc (Ubuntu 9.4.0-1ubuntu1~20.04.1) 9.4.0
Copyright (C) 2019 Free Software Foundation, Inc.
This is free software; see the source for copying conditions.  There is NO
warranty; not even for MERCHANTABILITY or FITNESS FOR A PARTICULAR PURPOSE.

configure:2129: $? = 0
configure:2136: gcc -v >&5
Using built-in specs.
COLLECT_GCC=gcc
COLLECT_LTO_WRAPPER=/usr/lib/gcc/x86_64-linux-gnu/9/lto-wrapper
OFFLOAD_TARGET_NAMES=nvptx-none:hsa
OFFLOAD_TARGET_DEFAULT=1
Target: x86_64-linux-gnu
Configured with: ../src/configure -v --with-pkgversion='Ubuntu 9.4.0-1ubuntu1~20.04.1' --with-bugurl=file:///usr/share/doc/gcc-9/README.Bugs --enable-languages=c,ada,c++,go,brig,d,fortran,objc,obj-c++,gm2 --prefix=/usr --with-gcc-major-version-only --program-suffix=-9 --program-prefix=x86_64-linux-gnu- --enable-shared --enable-linker-build-id --libexecdir=/usr/lib --without-included-gettext --enable-threads=posix --libdir=/usr/lib --enable-nls --enable-clocale=gnu --enable-libstdcxx-debug --enable-libstdcxx-time=yes --with-default-libstdcxx-abi=new --enable-gnu-unique-object --disable-vtable-verify --enable-plugin --enable-default-pie --with-system-zlib --with-target-system-zlib=auto --enable-objc-gc=auto --enable-multiarch --disable-werror --with-arch-32=i686 --with-abi=m64 --with-multilib-list=m32,m64,mx32 --enable-multilib --with-tune=generic --enable-offload-targets=nvptx-none=/build/gcc-9-Av3uEd/gcc-9-9.4.0/debian/tmp-nvptx/usr,hsa --without-cuda-driver --enable-checking=release --build=x86_64-linux-gnu --host=x86_64-linux-gnu --target=x86_64-linux-gnu
Thread model: posix
gcc version 9.4.0 (Ubuntu 9.4.0-1ubuntu1~20.04.1) 
configure:2139: $? = 0
configure:2146: gcc -V >&5
gcc: error: unrecognized command line option '-V'
gcc: fatal error: no input files
compilation terminated.
configure:2149: $? = 1
configure:2172: checking for C compiler default output file name
configure:2199: gcc    conftest.c  >&5
configure:2202: $? = 0
configure:2240: result: a.out
configure:2257: checking whether the C compiler works
configure:2267: ./a.out
configure:2270: $? = 0
configure:2287: result: yes
configure:2294: checking whether we are cross compiling
configure:2296: result: no
configure:2299: checking for suffix of executables
configure:2306: gcc -o conftest    conftest.c  >&5
configure:2309: $? = 0
configure:2333: result: 
configure:2339: checking for suffix of object files
configure:2365: gcc -c   conftest.c >&5
configure:2368: $? = 0
configure:2391: result: o
configure:2395: checking whether we are using the GNU C compiler
configure:2424: gcc -c   conftest.c >&5
configure:2430: $? = 0
configure:2447: result: yes
configure:2452: checking whether gcc accepts -g
configure:2482: gcc -c -g  conftest.c >&5
configure:2488: $? = 0
configure:2587: result: yes
configure:2604: checking for gcc option to accept ISO C89
configure:2678: gcc  -c -g -O2  conftest.c >&5
configure:2684: $? = 0
configure:2707: result: none needed
configure:2769: checking for a BSD-compatible install
configure:2825: result: /usr/bin/install -c
configure:2836: checking whether ln -s works
configure:2840: result: yes
configure:2890: checking for ranlib
configure:2906: found /usr/bin/ranlib
configure:2917: result: ranlib
configure:2946: checking for main in -lX11
configure:2975: gcc -o conftest -g -O2   conftest.c -lX11   >&5
configure:2981: $? = 0
configure:2999: result: yes
configure:3011: checking for main in -lm
configure:3040: gcc -o conftest -g -O2   conftest.c -lm  -lX11  >&5
configure:3046: $? = 0
configure:3064: result: yes
configure:3083: checking how to run the C preprocessor
configure:3123: gcc -E  conftest.c
configure:3129: $? = 0
configure:3160: gcc -E  conftest.c
conftest.c:10:10: fatal error: ac_nonexistent.h: No such file or directory
   10 | #include <ac_nonexistent.h>
      |          ^~~~~~~~~~~~~~~~~~
compilation terminated.
configure:3166: $? = 1
configure: failed program was:
| /* confdefs.h.  */
| #define PACKAGE_NAME "HTK"
| #define PACKAGE_TARNAME "htk"
| #define PACKAGE_VERSION "3.4.1"
| #define PACKAGE_STRING "HTK 3.4.1"
| #define PACKAGE_BUGREPORT "htk-mgr@eng.cam.ac.uk"
| #define HAVE_LIBX11 1
| #define HAVE_LIBM 1
| /* end confdefs.h.  */
| #include <ac_nonexistent.h>
configure:3199: result: gcc -E
configure:3228: gcc -E  conftest.c
configure:3234: $? = 0
configure:3265: gcc -E  conftest.c
conftest.c:10:10: fatal error: ac_nonexistent.h: No such file or directory
   10 | #include <ac_nonexistent.h>
      |          ^~~~~~~~~~~~~~~~~~
compilation terminated.
configure:3271: $? = 1
configure: failed program was:
| /* confdefs.h.  */
| #define PACKAGE_NAME "HTK"
| #define PACKAGE_TARNAME "htk"
| #define PACKAGE_VERSION "3.4.1"
| #define PACKAGE_STRING "HTK 3.4.1"
| #define PACKAGE_BUGREPORT "htk-mgr@eng.cam.ac.uk"
| #define HAVE_LIBX11 1
| #define HAVE_LIBM 1
| /* end confdefs.h.  */
| #include <ac_nonexistent.h>
configure:3309: checking for X
configure:3424: gcc -E  conftest.c
configure:3430: $? = 0
configure:3479: gcc -o conftest -g -O2   conftest.c -lX11 -lm -lX11  >&5
configure:3485: $? = 0
configure:3544: result: libraries , headers 
configure:3548: checking for grep that handles long lines and -e
configure:3622: result: /usr/bin/grep
configure:3627: checking for egrep
configure:3705: result: /usr/bin/grep -E
configure:3710: checking for ANSI C header files
configure:3740: gcc -c -g -O2  conftest.c >&5
configure:3746: $? = 0
configure:3845: gcc -o conftest -g -O2   conftest.c -lm -lX11  >&5
configure:3848: $? = 0
configure:3854: ./conftest
configure:3857: $? = 0
configure:3874: result: yes
configure:3898: checking for sys/types.h
configure:3919: gcc -c -g -O2  conftest.c >&5
configure:3925: $? = 0
configure:3941: result: yes
configure:3898: checking for sys/stat.h
configure:3919: gcc -c -g -O2  conftest.c >&5
configure:3925: $? = 0
configure:3941: result: yes
configure:3898: checking for stdlib.h
configure:3919: gcc -c -g -O2  conftest.c >&5
configure:3925: $? = 0
configure:3941: result: yes
configure:3898: checking for string.h
configure:3919: gcc -c -g -O2  conftest.c >&5
configure:3925: $? = 0
configure:3941: result: yes
configure:3898: checking for memory.h
configure:3919: gcc -c -g -O2  conftest.c >&5
configure:3925: $? = 0
configure:3941: result: yes
configure:3898: checking for strings.h
configure:3919: gcc -c -g -O2  conftest.c >&5
configure:3925: $? = 0
configure:3941: result: yes
configure:3898: checking for inttypes.h
configure:3919: gcc -c -g -O2  conftest.c >&5
configure:3925: $? = 0
configure:3941: result: yes
configure:3898: checking for stdint.h
configure:3919: gcc -c -g -O2  conftest.c >&5
configure:3925: $? = 0
configure:3941: result: yes
configure:3898: checking for unistd.h
configure:3919: gcc -c -g -O2  conftest.c >&5
configure:3925: $? = 0
configure:3941: result: yes
configure:3979: checking errno.h usability
configure:3996: gcc -c -g -O2  conftest.c >&5
configure:4002: $? = 0
configure:4016: result: yes
configure:4020: checking errno.h presence
configure:4035: gcc -E  conftest.c
configure:4041: $? = 0
configure:4055: result: yes
configure:4088: checking for errno.h
configure:4096: result: yes
configure:3979: checking fcntl.h usability
configure:3996: gcc -c -g -O2  conftest.c >&5
configure:4002: $? = 0
configure:4016: result: yes
configure:4020: checking fcntl.h presence
configure:4035: gcc -E  conftest.c
configure:4041: $? = 0
configure:4055: result: yes
configure:4088: checking for fcntl.h
configure:4096: result: yes
configure:3979: checking float.h usability
configure:3996: gcc -c -g -O2  conftest.c >&5
configure:4002: $? = 0
configure:4016: result: yes
configure:4020: checking float.h presence
configure:4035: gcc -E  conftest.c
configure:4041: $? = 0
configure:4055: result: yes
configure:4088: checking for float.h
configure:4096: result: yes
configure:3979: checking limits.h usability
configure:3996: gcc -c -g -O2  conftest.c >&5
configure:4002: $? = 0
configure:4016: result: yes
configure:4020: checking limits.h presence
configure:4035: gcc -E  conftest.c
configure:4041: $? = 0
configure:4055: result: yes
configure:4088: checking for limits.h
configure:4096: result: yes
configure:3979: checking malloc.h usability
configure:3996: gcc -c -g -O2  conftest.c >&5
configure:4002: $? = 0
configure:4016: result: yes
configure:4020: checking malloc.h presence
configure:4035: gcc -E  conftest.c
configure:4041: $? = 0
configure:4055: result: yes
configure:4088: checking for malloc.h
configure:4096: result: yes
configure:3969: checking for memory.h
configure:3975: result: yes
configure:3969: checking for stdlib.h
configure:3975: result: yes
configure:3969: checking for string.h
configure:3975: result: yes
configure:3979: checking sys/ioctl.h usability
configure:3996: gcc -c -g -O2  conftest.c >&5
configure:4002: $? = 0
configure:4016: result: yes
configure:4020: checking sys/ioctl.h presence
configure:4035: gcc -E  conftest.c
configure:4041: $? = 0
configure:4055: result: yes
configure:4088: checking for sys/ioctl.h
configure:4096: result: yes
configure:3979: checking sys/socket.h usability
configure:3996: gcc -c -g -O2  conftest.c >&5
configure:4002: $? = 0
configure:4016: result: yes
configure:4020: checking sys/socket.h presence
configure:4035: gcc -E  conftest.c
configure:4041: $? = 0
configure:4055: result: yes
configure:4088: checking for sys/socket.h
configure:4096: result: yes
configure:3979: checking sys/time.h usability
configure:3996: gcc -c -g -O2  conftest.c >&5
configure:4002: $? = 0
configure:4016: result: yes
configure:4020: checking sys/time.h presence
configure:4035: gcc -E  conftest.c
configure:4041: $? = 0
configure:4055: result: yes
configure:4088: checking for sys/time.h
configure:4096: result: yes
configure:3969: checking for unistd.h
configure:3975: result: yes
configure:4110: checking for an ANSI C-conforming const
configure:4185: gcc -c -g -O2  conftest.c >&5
configure:4191: $? = 0
configure:4206: result: yes
configure:4216: checking for size_t
configure:4246: gcc -c -g -O2  conftest.c >&5
configure:4252: $? = 0
configure:4267: result: yes
configure:4279: checking whether time.h and sys/time.h may both be included
configure:4309: gcc -c -g -O2  conftest.c >&5
configure:4315: $? = 0
configure:4330: result: yes
configure:4340: checking whether struct tm is in sys/time.h or time.h
configure:4370: gcc -c -g -O2  conftest.c >&5
configure:4376: $? = 0
configure:4391: result: time.h
configure:4403: checking whether gcc needs -traditional
configure:4445: result: no
configure:4452: checking for working memcmp
configure:4505: gcc -o conftest -g -O2   conftest.c -lm -lX11  >&5
configure:4508: $? = 0
configure:4514: ./conftest
configure:4517: $? = 0
configure:4533: result: yes
configure:4547: checking for stdlib.h
configure:4553: result: yes
configure:4687: checking for GNU libc compatible malloc
configure:4721: gcc -o conftest -g -O2   conftest.c -lm -lX11  >&5
configure:4724: $? = 0
configure:4730: ./conftest
configure:4733: $? = 0
configure:4749: result: yes
configure:4777: checking for working strtod
configure:4828: gcc -o conftest -g -O2   conftest.c -lm -lX11  >&5
configure:4831: $? = 0
configure:4837: ./conftest
configure:4840: $? = 0
configure:4856: result: yes
configure:5020: checking return type of signal handlers
configure:5048: gcc -c -g -O2  conftest.c >&5
conftest.c: In function 'main':
conftest.c:41:10: error: void value not ignored as it ought to be
   41 | return *(signal (0, 0)) (0) == 1;
      |         ~^~~~~~~~~~~~~~~~~~
configure:5054: $? = 1
configure: failed program was:
| /* confdefs.h.  */
| #define PACKAGE_NAME "HTK"
| #define PACKAGE_TARNAME "htk"
| #define PACKAGE_VERSION "3.4.1"
| #define PACKAGE_STRING "HTK 3.4.1"
| #define PACKAGE_BUGREPORT "htk-mgr@eng.cam.ac.uk"
| #define HAVE_LIBX11 1
| #define HAVE_LIBM 1
| #define STDC_HEADERS 1
| #define HAVE_SYS_TYPES_H 1
| #define HAVE_SYS_STAT_H 1
| #define HAVE_STDLIB_H 1
| #define HAVE_STRING_H 1
| #define HAVE_MEMORY_H 1
| #define HAVE_STRINGS_H 1
| #define HAVE_INTTYPES_H 1
| #define HAVE_STDINT_H 1
| #define HAVE_UNISTD_H 1
| #define HAVE_ERRNO_H 1
| #define HAVE_FCNTL_H 1
| #define HAVE_FLOAT_H 1
| #define HAVE_LIMITS_H 1
| #define HAVE_MALLOC_H 1
| #define HAVE_MEMORY_H 1
| #define HAVE_STDLIB_H 1
| #define HAVE_STRING_H 1
| #define HAVE_SYS_IOCTL_H 1
| #define HAVE_SYS_SOCKET_H 1
| #define HAVE_SYS_TIME_H 1
| #define HAVE_UNISTD_H 1
| #define TIME_WITH_SYS_TIME 1
| #define HAVE_STDLIB_H 1
| #define HAVE_MALLOC 1
| /* end confdefs.h.  */
| #include <sys/types.h>
| #include <signal.h>
| 
| int
| main ()
| {
| return *(signal (0, 0)) (0) == 1;
|   ;
|   return 0;
| }
configure:5069: result: void
configure:5081: checking for vprintf
configure:5137: gcc -o conftest -g -O2   conftest.c -lm -lX11  >&5
conftest.c:59:6: warning: conflicting types for built-in function 'vprintf'; expected 'int(const char *, __va_list_tag *)' [-Wbuiltin-declaration-mismatch]
   59 | char vprintf ();
      |      ^~~~~~~
conftest.c:47:1: note: 'vprintf' is declared in header '<stdio.h>'
   46 | # include <limits.h>
   47 | #else
configure:5143: $? = 0
configure:5161: result: yes
configure:5168: checking for _doprnt
configure:5224: gcc -o conftest -g -O2   conftest.c -lm -lX11  >&5
/usr/bin/ld: /tmp/ccVTXc6m.o: in function `main':
/home/khodor/Documents/Charles/speech recognition, generation/sentences/HTK-3.4.1/htk/conftest.c:71: undefined reference to `_doprnt'
collect2: error: ld returned 1 exit status
configure:5230: $? = 1
configure: failed program was:
| /* confdefs.h.  */
| #define PACKAGE_NAME "HTK"
| #define PACKAGE_TARNAME "htk"
| #define PACKAGE_VERSION "3.4.1"
| #define PACKAGE_STRING "HTK 3.4.1"
| #define PACKAGE_BUGREPORT "htk-mgr@eng.cam.ac.uk"
| #define HAVE_LIBX11 1
| #define HAVE_LIBM 1
| #define STDC_HEADERS 1
| #define HAVE_SYS_TYPES_H 1
| #define HAVE_SYS_STAT_H 1
| #define HAVE_STDLIB_H 1
| #define HAVE_STRING_H 1
| #define HAVE_MEMORY_H 1
| #define HAVE_STRINGS_H 1
| #define HAVE_INTTYPES_H 1
| #define HAVE_STDINT_H 1
| #define HAVE_UNISTD_H 1
| #define HAVE_ERRNO_H 1
| #define HAVE_FCNTL_H 1
| #define HAVE_FLOAT_H 1
| #define HAVE_LIMITS_H 1
| #define HAVE_MALLOC_H 1
| #define HAVE_MEMORY_H 1
| #define HAVE_STDLIB_H 1
| #define HAVE_STRING_H 1
| #define HAVE_SYS_IOCTL_H 1
| #define HAVE_SYS_SOCKET_H 1
| #define HAVE_SYS_TIME_H 1
| #define HAVE_UNISTD_H 1
| #define TIME_WITH_SYS_TIME 1
| #define HAVE_STDLIB_H 1
| #define HAVE_MALLOC 1
| #define RETSIGTYPE void
| #define HAVE_VPRINTF 1
| /* end confdefs.h.  */
| /* Define _doprnt to an innocuous variant, in case <limits.h> declares _doprnt.
|    For example, HP-UX 11i <limits.h> declares gettimeofday.  */
| #define _doprnt innocuous__doprnt
| 
| /* System header to define __stub macros and hopefully few prototypes,
|     which can conflict with char _doprnt (); below.
|     Prefer <limits.h> to <assert.h> if __STDC__ is defined, since
|     <limits.h> exists even on freestanding compilers.  */
| 
| #ifdef __STDC__
| # include <limits.h>
| #else
| # include <assert.h>
| #endif
| 
| #undef _doprnt
| 
| /* Override any GCC internal prototype to avoid an error.
|    Use char because int might match the return type of a GCC
|    builtin and then its argument prototype would still apply.  */
| #ifdef __cplusplus
| extern "C"
| #endif
| char _doprnt ();
| /* The GNU C library defines this for functions which it implements
|     to always fail with ENOSYS.  Some functions are actually named
|     something starting with __ and the normal name is an alias.  */
| #if defined __stub__doprnt || defined __stub____doprnt
| choke me
| #endif
| 
| int
| main ()
| {
| return _doprnt ();
|   ;
|   return 0;
| }
configure:5247: result: no
configure:5278: checking for floor
configure:5334: gcc -o conftest -g -O2   conftest.c -lm -lX11  >&5
conftest.c:60:6: warning: conflicting types for built-in function 'floor'; expected 'double(double)' [-Wbuiltin-declaration-mismatch]
   60 | char floor ();
      |      ^~~~~
conftest.c:48:1: note: 'floor' is declared in header '<math.h>'
   47 | # include <limits.h>
   48 | #else
configure:5340: $? = 0
configure:5358: result: yes
configure:5278: checking for gettimeofday
configure:5334: gcc -o conftest -g -O2   conftest.c -lm -lX11  >&5
configure:5340: $? = 0
configure:5358: result: yes
configure:5278: checking for memmove
configure:5334: gcc -o conftest -g -O2   conftest.c -lm -lX11  >&5
conftest.c:62:6: warning: conflicting types for built-in function 'memmove'; expected 'void *(void *, const void *, long unsigned int)' [-Wbuiltin-declaration-mismatch]
   62 | char memmove ();
      |      ^~~~~~~
conftest.c:50:1: note: 'memmove' is declared in header '<string.h>'
   49 | # include <limits.h>
   50 | #else
configure:5340: $? = 0
configure:5358: result: yes
configure:5278: checking for memset
configure:5334: gcc -o conftest -g -O2   conftest.c -lm -lX11  >&5
conftest.c:63:6: warning: conflicting types for built-in function 'memset'; expected 'void *(void *, int,  long unsigned int)' [-Wbuiltin-declaration-mismatch]
   63 | char memset ();
      |      ^~~~~~
conftest.c:51:1: note: 'memset' is declared in header '<string.h>'
   50 | # include <limits.h>
   51 | #else
configure:5340: $? = 0
configure:5358: result: yes
configure:5278: checking for modf
configure:5334: gcc -o conftest -g -O2   conftest.c -lm -lX11  >&5
conftest.c:64:6: warning: conflicting types for built-in function 'modf'; expected 'double(double,  double *)' [-Wbuiltin-declaration-mismatch]
   64 | char modf ();
      |      ^~~~
conftest.c:52:1: note: 'modf' is declared in header '<math.h>'
   51 | # include <limits.h>
   52 | #else
configure:5340: $? = 0
configure:5358: result: yes
configure:5278: checking for pow
configure:5334: gcc -o conftest -g -O2   conftest.c -lm -lX11  >&5
conftest.c:65:6: warning: conflicting types for built-in function 'pow'; expected 'double(double,  double)' [-Wbuiltin-declaration-mismatch]
   65 | char pow ();
      |      ^~~
conftest.c:53:1: note: 'pow' is declared in header '<math.h>'
   52 | # include <limits.h>
   53 | #else
configure:5340: $? = 0
configure:5358: result: yes
configure:5278: checking for socket
configure:5334: gcc -o conftest -g -O2   conftest.c -lm -lX11  >&5
configure:5340: $? = 0
configure:5358: result: yes
configure:5278: checking for sqrt
configure:5334: gcc -o conftest -g -O2   conftest.c -lm -lX11  >&5
conftest.c:67:6: warning: conflicting types for built-in function 'sqrt'; expected 'double(double)' [-Wbuiltin-declaration-mismatch]
   67 | char sqrt ();
      |      ^~~~
conftest.c:55:1: note: 'sqrt' is declared in header '<math.h>'
   54 | # include <limits.h>
   55 | #else
configure:5340: $? = 0
configure:5358: result: yes
configure:5278: checking for strchr
configure:5334: gcc -o conftest -g -O2   conftest.c -lm -lX11  >&5
conftest.c:68:6: warning: conflicting types for built-in function 'strchr'; expected 'char *(const char *, int)' [-Wbuiltin-declaration-mismatch]
   68 | char strchr ();
      |      ^~~~~~
conftest.c:56:1: note: 'strchr' is declared in header '<string.h>'
   55 | # include <limits.h>
   56 | #else
configure:5340: $? = 0
configure:5358: result: yes
configure:5278: checking for strcspn
configure:5334: gcc -o conftest -g -O2   conftest.c -lm -lX11  >&5
conftest.c:69:6: warning: conflicting types for built-in function 'strcspn'; expected 'long unsigned int(const char *, const char *)' [-Wbuiltin-declaration-mismatch]
   69 | char strcspn ();
      |      ^~~~~~~
conftest.c:57:1: note: 'strcspn' is declared in header '<string.h>'
   56 | # include <limits.h>
   57 | #else
configure:5340: $? = 0
configure:5358: result: yes
configure:5278: checking for strrchr
configure:5334: gcc -o conftest -g -O2   conftest.c -lm -lX11  >&5
conftest.c:70:6: warning: conflicting types for built-in function 'strrchr'; expected 'char *(const char *, int)' [-Wbuiltin-declaration-mismatch]
   70 | char strrchr ();
      |      ^~~~~~~
conftest.c:58:1: note: 'strrchr' is declared in header '<string.h>'
   57 | # include <limits.h>
   58 | #else
configure:5340: $? = 0
configure:5358: result: yes
configure:5278: checking for strspn
configure:5334: gcc -o conftest -g -O2   conftest.c -lm -lX11  >&5
conftest.c:71:6: warning: conflicting types for built-in function 'strspn'; expected 'long unsigned int(const char *, const char *)' [-Wbuiltin-declaration-mismatch]
   71 | char strspn ();
      |      ^~~~~~
conftest.c:59:1: note: 'strspn' is declared in header '<string.h>'
   58 | # include <limits.h>
   59 | #else
configure:5340: $? = 0
configure:5358: result: yes
configure:5278: checking for strstr
configure:5334: gcc -o conftest -g -O2   conftest.c -lm -lX11  >&5
conftest.c:72:6: warning: conflicting types for built-in function 'strstr'; expected 'char *(const char *, const char *)' [-Wbuiltin-declaration-mismatch]
   72 | char strstr ();
      |      ^~~~~~
conftest.c:60:1: note: 'strstr' is declared in header '<string.h>'
   59 | # include <limits.h>
   60 | #else
configure:5340: $? = 0
configure:5358: result: yes
configure:5278: checking for strtol
configure:5334: gcc -o conftest -g -O2   conftest.c -lm -lX11  >&5
configure:5340: $? = 0
configure:5358: result: yes
configure:5376: checking build system type
configure:5394: result: x86_64-unknown-linux-gnu
configure:5416: checking host system type
configure:5431: result: x86_64-unknown-linux-gnu
configure:5715: creating ./config.status

## ---------------------- ##
## Running config.status. ##
## ---------------------- ##

This file was extended by HTK config.status 3.4.1, which was
generated by GNU Autoconf 2.61.  Invocation command line was

  CONFIG_FILES    = 
  CONFIG_HEADERS  = 
  CONFIG_LINKS    = 
  CONFIG_COMMANDS = 
  $ ./config.status 

on khodor-Latitude-E7270

config.status:620: creating HTKLib/Makefile
config.status:755: WARNING:  HTKLib/Makefile.in seems to ignore the --datarootdir setting
config.status:620: creating HTKTools/Makefile
config.status:755: WARNING:  HTKTools/Makefile.in seems to ignore the --datarootdir setting
config.status:620: creating HLMLib/Makefile
config.status:755: WARNING:  HLMLib/Makefile.in seems to ignore the --datarootdir setting
config.status:620: creating HLMTools/Makefile
config.status:755: WARNING:  HLMTools/Makefile.in seems to ignore the --datarootdir setting
config.status:620: creating HTKLVRec/Makefile
config.status:755: WARNING:  HTKLVRec/Makefile.in seems to ignore the --datarootdir setting
config.status:620: creating Makefile
config.status:755: WARNING:  Makefile.in seems to ignore the --datarootdir setting

## ---------------- ##
## Cache variables. ##
## ---------------- ##

ac_cv_build=x86_64-unknown-linux-gnu
ac_cv_c_compiler_gnu=yes
ac_cv_c_const=yes
ac_cv_env_CC_set=
ac_cv_env_CC_value=
ac_cv_env_CFLAGS_set=
ac_cv_env_CFLAGS_value=
ac_cv_env_CPPFLAGS_set=
ac_cv_env_CPPFLAGS_value=
ac_cv_env_CPP_set=
ac_cv_env_CPP_value=
ac_cv_env_LDFLAGS_set=
ac_cv_env_LDFLAGS_value=
ac_cv_env_LIBS_set=
ac_cv_env_LIBS_value=
ac_cv_env_XMKMF_set=
ac_cv_env_XMKMF_value=
ac_cv_env_build_alias_set=
ac_cv_env_build_alias_value=
ac_cv_env_host_alias_set=
ac_cv_env_host_alias_value=
ac_cv_env_target_alias_set=
ac_cv_env_target_alias_value=
ac_cv_func__doprnt=no
ac_cv_func_floor=yes
ac_cv_func_gettimeofday=yes
ac_cv_func_malloc_0_nonnull=yes
ac_cv_func_memcmp_working=yes
ac_cv_func_memmove=yes
ac_cv_func_memset=yes
ac_cv_func_modf=yes
ac_cv_func_pow=yes
ac_cv_func_socket=yes
ac_cv_func_sqrt=yes
ac_cv_func_strchr=yes
ac_cv_func_strcspn=yes
ac_cv_func_strrchr=yes
ac_cv_func_strspn=yes
ac_cv_func_strstr=yes
ac_cv_func_strtod=yes
ac_cv_func_strtol=yes
ac_cv_func_vprintf=yes
ac_cv_have_x='have_x=yes	ac_x_includes='\'''\''	ac_x_libraries='\'''\'''
ac_cv_header_errno_h=yes
ac_cv_header_fcntl_h=yes
ac_cv_header_float_h=yes
ac_cv_header_inttypes_h=yes
ac_cv_header_limits_h=yes
ac_cv_header_malloc_h=yes
ac_cv_header_memory_h=yes
ac_cv_header_stdc=yes
ac_cv_header_stdint_h=yes
ac_cv_header_stdlib_h=yes
ac_cv_header_string_h=yes
ac_cv_header_strings_h=yes
ac_cv_header_sys_ioctl_h=yes
ac_cv_header_sys_socket_h=yes
ac_cv_header_sys_stat_h=yes
ac_cv_header_sys_time_h=yes
ac_cv_header_sys_types_h=yes
ac_cv_header_time=yes
ac_cv_header_unistd_h=yes
ac_cv_host=x86_64-unknown-linux-gnu
ac_cv_lib_X11_main=yes
ac_cv_lib_m_main=yes
ac_cv_objext=o
ac_cv_path_EGREP='/usr/bin/grep -E'
ac_cv_path_GREP=/usr/bin/grep
ac_cv_path_install='/usr/bin/install -c'
ac_cv_prog_AWK=mawk
ac_cv_prog_CPP='gcc -E'
ac_cv_prog_ac_ct_CC=gcc
ac_cv_prog_ac_ct_RANLIB=ranlib
ac_cv_prog_cc_c89=
ac_cv_prog_cc_g=yes
ac_cv_prog_gcc_traditional=no
ac_cv_prog_make_make_set=yes
ac_cv_struct_tm=time.h
ac_cv_type_signal=void
ac_cv_type_size_t=yes

## ----------------- ##
## Output variables. ##
## ----------------- ##

AWK='mawk'
BINARY_EXTENSION=''
CC='gcc'
CFLAGS='-m32 -ansi -D_SVID_SOURCE -DOSS_AUDIO -D'\''ARCH="x86_64"'\'' -Wall -Wno-switch -g -O2'
CPP='gcc -E'
CPPFLAGS=''
DEFS='-DHAVE_CONFIG_H'
ECHO_C=''
ECHO_N='-n'
ECHO_T=''
EGREP='/usr/bin/grep -E'
EXEEXT=''
GREP='/usr/bin/grep'
HGRAF='HGraf.null.o'
HSLAB=''
INSTALL_DATA='${INSTALL} -m 644'
INSTALL_PROGRAM='${INSTALL}'
INSTALL_SCRIPT='${INSTALL}'
LDFLAGS='-L/usr/X11R6/lib '
LIBOBJS=''
LIBS='-lm -lX11 '
LN_S='ln -s'
LTLIBOBJS=''
OBJEXT='o'
PACKAGE_BUGREPORT='htk-mgr@eng.cam.ac.uk'
PACKAGE_NAME='HTK'
PACKAGE_STRING='HTK 3.4.1'
PACKAGE_TARNAME='htk'
PACKAGE_VERSION='3.4.1'
PATH_SEPARATOR=':'
POW_LIB=''
RANLIB='ranlib'
SET_MAKE=''
SHELL='/bin/bash'
TRADHTK=''
TRADHTKBIN='linux'
XMKMF=''
ac_ct_CC='gcc'
bindir='${exec_prefix}/bin'
build='x86_64-unknown-linux-gnu'
build_alias=''
build_cpu='x86_64'
build_os='linux-gnu'
build_vendor='unknown'
datadir='${datarootdir}'
datarootdir='${prefix}/share'
docdir='${datarootdir}/doc/${PACKAGE_TARNAME}'
dvidir='${docdir}'
exec_prefix='${prefix}'
host='x86_64-unknown-linux-gnu'
host_alias=''
host_cpu='x86_64'
host_os='linux-gnu'
host_vendor='unknown'
htmldir='${docdir}'
includedir='${prefix}/include'
infodir='${datarootdir}/info'
libdir='${exec_prefix}/lib'
libexecdir='${exec_prefix}/libexec'
localedir='${datarootdir}/locale'
localstatedir='${prefix}/var'
make_all='htktools hlmtools'
make_install='install-htktools install-hlmtools'
mandir='${datarootdir}/man'
oldincludedir='/usr/include'
pdfdir='${docdir}'
prefix='/home/khodor'
program_transform_name='s,x,x,'
psdir='${docdir}'
sbindir='${exec_prefix}/sbin'
sharedstatedir='${prefix}/com'
sysconfdir='${prefix}/etc'
target_alias=''

## ----------- ##
## confdefs.h. ##
## ----------- ##

#define PACKAGE_NAME "HTK"
#define PACKAGE_TARNAME "htk"
#define PACKAGE_VERSION "3.4.1"
#define PACKAGE_STRING "HTK 3.4.1"
#define PACKAGE_BUGREPORT "htk-mgr@eng.cam.ac.uk"
#define HAVE_LIBX11 1
#define HAVE_LIBM 1
#define STDC_HEADERS 1
#define HAVE_SYS_TYPES_H 1
#define HAVE_SYS_STAT_H 1
#define HAVE_STDLIB_H 1
#define HAVE_STRING_H 1
#define HAVE_MEMORY_H 1
#define HAVE_STRINGS_H 1
#define HAVE_INTTYPES_H 1
#define HAVE_STDINT_H 1
#define HAVE_UNISTD_H 1
#define HAVE_ERRNO_H 1
#define HAVE_FCNTL_H 1
#define HAVE_FLOAT_H 1
#define HAVE_LIMITS_H 1
#define HAVE_MALLOC_H 1
#define HAVE_MEMORY_H 1
#define HAVE_STDLIB_H 1
#define HAVE_STRING_H 1
#define HAVE_SYS_IOCTL_H 1
#define HAVE_SYS_SOCKET_H 1
#define HAVE_SYS_TIME_H 1
#define HAVE_UNISTD_H 1
#define TIME_WITH_SYS_TIME 1
#define HAVE_STDLIB_H 1
#define HAVE_MALLOC 1
#define RETSIGTYPE void
#define HAVE_VPRINTF 1
#define HAVE_FLOOR 1
#define HAVE_GETTIMEOFDAY 1
#define HAVE_MEMMOVE 1
#define HAVE_MEMSET 1
#define HAVE_MODF 1
#define HAVE_POW 1
#define HAVE_SOCKET 1
#define HAVE_SQRT 1
#define HAVE_STRCHR 1
#define HAVE_STRCSPN 1
#define HAVE_STRRCHR 1
#define HAVE_STRSPN 1
#define HAVE_STRSTR 1
#define HAVE_STRTOL 1

configure: exit 0
